proguard/seeds.txt
com.yang.file_explorer.R$anim: int menu_hide
com.yang.file_explorer.R$anim: int menu_show
com.yang.file_explorer.R$array: int color_names
com.yang.file_explorer.R$array: int filter_category
com.yang.file_explorer.R$attr: int absForceOverflow
com.yang.file_explorer.R$attr: int actionBarDivider
com.yang.file_explorer.R$attr: int actionBarItemBackground
com.yang.file_explorer.R$attr: int actionBarSize
com.yang.file_explorer.R$attr: int actionBarSplitStyle
com.yang.file_explorer.R$attr: int actionBarStyle
com.yang.file_explorer.R$attr: int actionBarTabBarStyle
com.yang.file_explorer.R$attr: int actionBarTabStyle
com.yang.file_explorer.R$attr: int actionBarTabTextStyle
com.yang.file_explorer.R$attr: int actionBarWidgetTheme
com.yang.file_explorer.R$attr: int actionButtonStyle
com.yang.file_explorer.R$attr: int actionDropDownStyle
com.yang.file_explorer.R$attr: int actionMenuTextAppearance
com.yang.file_explorer.R$attr: int actionMenuTextColor
com.yang.file_explorer.R$attr: int actionModeBackground
com.yang.file_explorer.R$attr: int actionModeCloseButtonStyle
com.yang.file_explorer.R$attr: int actionModeCloseDrawable
com.yang.file_explorer.R$attr: int actionModePopupWindowStyle
com.yang.file_explorer.R$attr: int actionModeShareDrawable
com.yang.file_explorer.R$attr: int actionModeSplitBackground
com.yang.file_explorer.R$attr: int actionModeStyle
com.yang.file_explorer.R$attr: int actionOverflowButtonStyle
com.yang.file_explorer.R$attr: int actionSpinnerItemStyle
com.yang.file_explorer.R$attr: int activatedBackgroundIndicator
com.yang.file_explorer.R$attr: int activityChooserViewStyle
com.yang.file_explorer.R$attr: int background
com.yang.file_explorer.R$bool: int abs__action_bar_embed_tabs
com.yang.file_explorer.R$bool: int abs__action_bar_expanded_action_views_exclusive
com.yang.file_explorer.R$bool: int abs__config_actionMenuItemAllCaps
com.yang.file_explorer.R$bool: int abs__config_allowActionMenuItemTextWithIcon
com.yang.file_explorer.R$bool: int abs__config_showMenuShortcutsWhenKeyboardPresent
com.yang.file_explorer.R$bool: int abs__split_action_bar_is_narrow
com.yang.file_explorer.R$color: int abs__background_holo_dark
com.yang.file_explorer.R$color: int abs__background_holo_light
com.yang.file_explorer.R$color: int abs__bright_foreground_disabled_holo_dark
com.yang.file_explorer.R$color: int abs__bright_foreground_disabled_holo_light
com.yang.file_explorer.R$color: int abs__bright_foreground_holo_dark
com.yang.file_explorer.R$color: int abs__bright_foreground_holo_light
com.yang.file_explorer.R$color: int abs__holo_blue_light
com.yang.file_explorer.R$color: int abs__primary_text_disable_only_holo_dark
com.yang.file_explorer.R$color: int abs__primary_text_disable_only_holo_light
com.yang.file_explorer.R$color: int abs__primary_text_holo_dark
com.yang.file_explorer.R$color: int abs__primary_text_holo_light
com.yang.file_explorer.R$color: int background
com.yang.file_explorer.R$color: int black
com.yang.file_explorer.R$color: int blue
com.yang.file_explorer.R$color: int deepcolor
com.yang.file_explorer.R$color: int gray
com.yang.file_explorer.R$color: int green
com.yang.file_explorer.R$color: int naming
com.yang.file_explorer.R$color: int orange
com.yang.file_explorer.R$color: int orange_yellow
com.yang.file_explorer.R$color: int red
com.yang.file_explorer.R$color: int remote_connect_text
com.yang.file_explorer.R$color: int remote_disconnect_text
com.yang.file_explorer.R$color: int shadowcolor
com.yang.file_explorer.R$color: int transparent
com.yang.file_explorer.R$color: int white
...
com.actionbarsherlock.app.SherlockPreferenceActivity: void setContentView(android.view.View)
com.actionbarsherlock.internal.nineoldandroids.view.NineViewGroup: NineViewGroup(android.content.Context)
com.actionbarsherlock.internal.nineoldandroids.view.NineViewGroup: NineViewGroup(android.content.Context,android.util.AttributeSet)
com.actionbarsherlock.internal.nineoldandroids.view.NineViewGroup: NineViewGroup(android.content.Context,android.util.AttributeSet,int)
com.actionbarsherlock.internal.nineoldandroids.view.NineViewGroup: void setVisibility(int)
com.actionbarsherlock.internal.nineoldandroids.view.NineViewGroup: float getAlpha()
com.actionbarsherlock.internal.nineoldandroids.view.NineViewGroup: void setAlpha(float)
com.actionbarsherlock.internal.nineoldandroids.view.NineViewGroup: float getTranslationX()
com.actionbarsherlock.internal.nineoldandroids.view.NineViewGroup: void setTranslationX(float)
com.actionbarsherlock.internal.nineoldandroids.view.NineViewGroup: float getTranslationY()
com.actionbarsherlock.internal.nineoldandroids.view.NineViewGroup: void setTranslationY(float)
com.actionbarsherlock.internal.nineoldandroids.widget.NineFrameLayout
com.actionbarsherlock.internal.nineoldandroids.widget.NineFrameLayout: NineFrameLayout(android.content.Context,android.util.AttributeSet)
com.actionbarsherlock.internal.nineoldandroids.widget.NineFrameLayout: void setVisibility(int)
com.actionbarsherlock.internal.nineoldandroids.widget.NineFrameLayout: float getAlpha()
com.actionbarsherlock.internal.nineoldandroids.widget.NineFrameLayout: void setAlpha(float)
com.actionbarsherlock.internal.nineoldandroids.widget.NineFrameLayout: float getTranslationY()
com.actionbarsherlock.internal.nineoldandroids.widget.NineFrameLayout: void setTranslationY(float)
com.actionbarsherlock.internal.nineoldandroids.widget.NineHorizontalScrollView: void setVisibility(int)
com.actionbarsherlock.internal.nineoldandroids.widget.NineHorizontalScrollView: float getAlpha()
com.actionbarsherlock.internal.nineoldandroids.widget.NineHorizontalScrollView: void setAlpha(float)
com.actionbarsherlock.internal.nineoldandroids.widget.NineLinearLayout
com.actionbarsherlock.internal.nineoldandroids.widget.NineLinearLayout: NineLinearLayout(android.content.Context,android.util.AttributeSet)
com.actionbarsherlock.internal.nineoldandroids.widget.NineLinearLayout: void setVisibility(int)
com.actionbarsherlock.internal.nineoldandroids.widget.NineLinearLayout: float getAlpha()
com.actionbarsherlock.internal.nineoldandroids.widget.NineLinearLayout: void setAlpha(float)
com.actionbarsherlock.internal.nineoldandroids.widget.NineLinearLayout: float getTranslationX()
com.actionbarsherlock.internal.nineoldandroids.widget.NineLinearLayout: void setTranslationX(float)