proguard/mapping.txt
com.yang.file_explorer.R -> com.yang.file_explorer.a:
com.yang.file_explorer.R$styleable -> com.yang.file_explorer.b:
    int[] SherlockActionBar -> SherlockActionBar
    int SherlockActionBar_background -> SherlockActionBar_background
    int SherlockActionBar_backgroundSplit -> SherlockActionBar_backgroundSplit
    int SherlockActionBar_backgroundStacked -> SherlockActionBar_backgroundStacked
    int SherlockActionBar_customNavigationLayout -> SherlockActionBar_customNavigationLayout
    int SherlockActionBar_displayOptions -> SherlockActionBar_displayOptions
    int SherlockActionBar_divider -> SherlockActionBar_divider
    int SherlockActionBar_height -> SherlockActionBar_height
    int SherlockActionBar_homeLayout -> SherlockActionBar_homeLayout
    int SherlockActionBar_icon -> SherlockActionBar_icon
    int SherlockActionBar_indeterminateProgressStyle -> SherlockActionBar_indeterminateProgressStyle
    int SherlockActionBar_itemPadding -> SherlockActionBar_itemPadding
    int SherlockActionBar_logo -> SherlockActionBar_logo
    int SherlockActionBar_navigationMode -> SherlockActionBar_navigationMode
    int SherlockActionBar_progressBarPadding -> SherlockActionBar_progressBarPadding
    int SherlockActionBar_progressBarStyle -> SherlockActionBar_progressBarStyle
    int SherlockActionBar_subtitle -> SherlockActionBar_subtitle
    int SherlockActionBar_subtitleTextStyle -> SherlockActionBar_subtitleTextStyle
    int SherlockActionBar_title -> SherlockActionBar_title
com.yang.file_explorer.adapter.CreateFileListAdater -> com.yang.file_explorer.a.a:
    android.view.LayoutInflater mLayoutInflater -> a
    android.content.Context mContext -> b
    android.view.View getView(int,android.view.View,android.view.ViewGroup) -> getView
com.yang.file_explorer.adapter.CreateFileListAdater$ViewHolder -> com.yang.file_explorer.a.b:
    android.widget.ImageView fileIcon -> a
    android.widget.TextView fileName -> b
    com.yang.file_explorer.adapter.CreateFileListAdater this$0 -> c
com.yang.file_explorer.adapter.FileListAdater -> com.yang.file_explorer.a.c:
    android.view.LayoutInflater mInflater -> a
    com.yang.file_explorer.apis.FileInteractionHub mFileInteractionHub -> b
    com.yang.file_explorer.apis.FileIconHelper mFileIconHelper -> c
    android.content.Context mContext -> d
    android.view.View$OnClickListener mOnClickListener -> e
    android.view.View getView(int,android.view.View,android.view.ViewGroup) -> getView
com.yang.file_explorer.adapter.SearchPopUpWindowAdapter -> com.yang.file_explorer.a.d:
    java.lang.String[] arraryStrings -> a
    android.content.Context mcontenxt -> b
    int getCount() -> getCount
    java.lang.Object getItem(int) -> getItem
    long getItemId(int) -> getItemId
    android.view.View getView(int,android.view.View,android.view.ViewGroup) -> getView
com.yang.file_explorer.apis.FileCategoryHelper -> com.yang.file_explorer.b.a:
    com.yang.file_explorer.apis.FileCategoryHelper$FileCategoryType mCategoryType -> c
    android.content.Context mContext -> d
    java.lang.String APK_EXT -> e
    java.lang.String THEME_EXT -> f
    java.lang.String[] ZIP_EXTS -> g
    java.util.HashMap filters -> a
    java.util.HashMap categoryNames -> b
    com.yang.file_explorer.apis.FileCategoryHelper$FileCategoryType getCategoryFromPath(java.lang.String) -> a
    boolean matchExts(java.lang.String,java.lang.String[]) -> a
    java.io.FilenameFilter getFilter() -> a
...
android.support.v4.media.session.MediaSessionCompat$ResultReceiverWrapper$1 -> android.support.v4.media.session.c:
    android.support.v4.media.session.MediaSessionCompat$ResultReceiverWrapper createFromParcel(android.os.Parcel) -> a
    android.support.v4.media.session.MediaSessionCompat$ResultReceiverWrapper[] newArray(int) -> a
    java.lang.Object[] newArray(int) -> newArray
    java.lang.Object createFromParcel(android.os.Parcel) -> createFromParcel
android.support.v4.media.session.MediaSessionCompat$Token -> android.support.v4.media.session.MediaSessionCompat$Token:
    java.lang.Object mInner -> a
    android.os.Parcelable$Creator CREATOR -> CREATOR
    int describeContents() -> describeContents
    void writeToParcel(android.os.Parcel,int) -> writeToParcel
android.support.v4.media.session.MediaSessionCompat$Token$1 -> android.support.v4.media.session.d:
    android.support.v4.media.session.MediaSessionCompat$Token createFromParcel(android.os.Parcel) -> a
    android.support.v4.media.session.MediaSessionCompat$Token[] newArray(int) -> a
    java.lang.Object[] newArray(int) -> newArray
    java.lang.Object createFromParcel(android.os.Parcel) -> createFromParcel
android.support.v4.media.session.ParcelableVolumeInfo -> android.support.v4.media.session.ParcelableVolumeInfo:
    int volumeType -> a
    int audioStream -> b
    int controlType -> c
    int maxVolume -> d
    int currentVolume -> e
    android.os.Parcelable$Creator CREATOR -> CREATOR
    int describeContents() -> describeContents
    void writeToParcel(android.os.Parcel,int) -> writeToParcel
android.support.v4.media.session.ParcelableVolumeInfo$1 -> android.support.v4.media.session.e:
    android.support.v4.media.session.ParcelableVolumeInfo createFromParcel(android.os.Parcel) -> a
    android.support.v4.media.session.ParcelableVolumeInfo[] newArray(int) -> a
    java.lang.Object[] newArray(int) -> newArray
    java.lang.Object createFromParcel(android.os.Parcel) -> createFromParcel
android.support.v4.media.session.PlaybackStateCompat -> android.support.v4.media.session.PlaybackStateCompat:
    int mState -> a
    long mPosition -> b
    long mBufferedPosition -> c
    float mSpeed -> d
    long mActions -> e
    java.lang.CharSequence mErrorMessage -> f
    long mUpdateTime -> g
    java.util.List mCustomActions -> h
    long mActiveItemId -> i
    android.os.Bundle mExtras -> j
    android.os.Parcelable$Creator CREATOR -> CREATOR
    java.lang.String toString() -> toString
    int describeContents() -> describeContents
    void writeToParcel(android.os.Parcel,int) -> writeToParcel
android.support.v4.media.session.PlaybackStateCompat$1 -> android.support.v4.media.session.f:
    android.support.v4.media.session.PlaybackStateCompat createFromParcel(android.os.Parcel) -> a
    android.support.v4.media.session.PlaybackStateCompat[] newArray(int) -> a
    java.lang.Object[] newArray(int) -> newArray
    java.lang.Object createFromParcel(android.os.Parcel) -> createFromParcel
android.support.v4.media.session.PlaybackStateCompat$CustomAction -> android.support.v4.media.session.PlaybackStateCompat$CustomAction:
    java.lang.String mAction -> a
    java.lang.CharSequence mName -> b
    int mIcon -> c
    android.os.Bundle mExtras -> d
    android.os.Parcelable$Creator CREATOR -> CREATOR
    void writeToParcel(android.os.Parcel,int) -> writeToParcel
    int describeContents() -> describeContents
    java.lang.String toString() -> toString
android.support.v4.media.session.PlaybackStateCompat$CustomAction$1 -> android.support.v4.media.session.g:
    android.support.v4.media.session.PlaybackStateCompat$CustomAction createFromParcel(android.os.Parcel) -> a
    android.support.v4.media.session.PlaybackStateCompat$CustomAction[] newArray(int) -> a
    java.lang.Object[] newArray(int) -> newArray
    java.lang.Object createFromParcel(android.os.Parcel) -> createFromParcel