proguard/usage.txt
com.yang.file_explorer.BuildConfig
com.yang.file_explorer.R:
    10:10:public R()
com.yang.file_explorer.R$anim
com.yang.file_explorer.R$array
com.yang.file_explorer.R$attr
com.yang.file_explorer.R$bool
com.yang.file_explorer.R$color
com.yang.file_explorer.R$dimen
com.yang.file_explorer.R$drawable
com.yang.file_explorer.R$id
com.yang.file_explorer.R$integer
com.yang.file_explorer.R$layout
com.yang.file_explorer.R$menu
com.yang.file_explorer.R$string
com.yang.file_explorer.R$style
com.yang.file_explorer.R$styleable:
    1931:1931:public R$styleable()
com.yang.file_explorer.apis.FileCategoryHelper:
    private static final java.lang.String LOG_TAG
com.yang.file_explorer.apis.FileIconHelper:
    private static final java.lang.String LOG_TAG
com.yang.file_explorer.apis.FileIconLoader:
    private static final java.lang.String LOADER_THREAD_NAME
    private static final int MESSAGE_REQUEST_LOADING
    private static final int MESSAGE_ICON_LOADED
com.yang.file_explorer.apis.FileIconLoader$ImageHolder:
    public static final int NEEDED
    public static final int LOADING
    public static final int LOADED
com.yang.file_explorer.apis.FileInteractionHub:
    private static final java.lang.String LOG_TAG
    275:275:public java.lang.String getRootPath()
    279:279:public java.lang.String getCurrentPath()
com.yang.file_explorer.apis.FileOperationHelper:
    private static final java.lang.String LOG_TAG
    31:32:public void setFilenameFilter(java.io.FilenameFilter)
    209:209:public boolean canPaste()
com.yang.file_explorer.apis.FileSortHelper:
    38:39:public void setFileFirst(boolean)
com.yang.file_explorer.apis.FilenameExtFilter
com.yang.file_explorer.apis.IntentBuilder:
    17:17:public IntentBuilder()
com.yang.file_explorer.entity.GlobalConsts
com.yang.file_explorer.entity.MediaFile:
    public static final int FILE_TYPE_MP3
    public static final int FILE_TYPE_M4A
    public static final int FILE_TYPE_WAV
    public static final int FILE_TYPE_AMR
    public static final int FILE_TYPE_AWB
    public static final int FILE_TYPE_WMA
    public static final int FILE_TYPE_OGG
    public static final int FILE_TYPE_AAC
    public static final int FILE_TYPE_MKA
    public static final int FILE_TYPE_FLAC
    private static final int FIRST_AUDIO_FILE_TYPE
    private static final int LAST_AUDIO_FILE_TYPE
    public static final int FILE_TYPE_MID
    public static final int FILE_TYPE_SMF
    public static final int FILE_TYPE_IMY
    private static final int FIRST_MIDI_FILE_TYPE
    private static final int LAST_MIDI_FILE_TYPE
    public static final int FILE_TYPE_MP4
    public static final int FILE_TYPE_M4V
    public static final int FILE_TYPE_3GPP
    public static final int FILE_TYPE_3GPP2
    public static final int FILE_TYPE_WMV
    public static final int FILE_TYPE_ASF
    public static final int FILE_TYPE_MKV
    public static final int FILE_TYPE_MP2TS
    public static final int FILE_TYPE_AVI
    public static final int FILE_TYPE_WEBM
    private static final int FIRST_VIDEO_FILE_TYPE
    private static final int LAST_VIDEO_FILE_TYPE
    public static final int FILE_TYPE_JPEG
    public static final int FILE_TYPE_GIF
    public static final int FILE_TYPE_PNG
com.yang.file_explorer.entity.Settings:
    24:25:public void setShowDotAndHiddenFiles(boolean)
com.yang.file_explorer.slidingmenu.CanvasTransformerBuilder
com.yang.file_explorer.slidingmenu.CanvasTransformerBuilder$1
com.yang.file_explorer.slidingmenu.CanvasTransformerBuilder$2
com.yang.file_explorer.slidingmenu.CanvasTransformerBuilder$3
com.yang.file_explorer.slidingmenu.CanvasTransformerBuilder$4
com.yang.file_explorer.slidingmenu.CanvasTransformerBuilder$5
com.yang.file_explorer.slidingmenu.CanvasTransformerBuilder$6
...
android.support.v4.content.ContextCompatApi21:
    24:24:ContextCompatApi21()
    30:30:public static java.io.File getNoBackupFilesDir(android.content.Context)
    34:34:public static java.io.File getCodeCacheDir(android.content.Context)
android.support.v4.content.ContextCompatFroyo
android.support.v4.content.ContextCompatHoneycomb
android.support.v4.content.ContextCompatJellybean
android.support.v4.content.ContextCompatKitKat
android.support.v4.content.CursorLoader
android.support.v4.content.FileProvider
android.support.v4.content.FileProvider$PathStrategy
android.support.v4.content.FileProvider$SimplePathStrategy
android.support.v4.content.IntentCompat
android.support.v4.content.IntentCompat$IntentCompatImpl
android.support.v4.content.IntentCompat$IntentCompatImplBase
android.support.v4.content.IntentCompat$IntentCompatImplHC
android.support.v4.content.IntentCompat$IntentCompatImplIcsMr1
android.support.v4.content.IntentCompatHoneycomb
android.support.v4.content.IntentCompatIcsMr1
android.support.v4.content.Loader:
    android.content.Context mContext
    91:93:public Loader(android.content.Context)
    103:106:public void deliverResult(java.lang.Object)
    112:112:public android.content.Context getContext()
    119:119:public int getId()
    158:158:public boolean isStarted()
    167:167:public boolean isAbandoned()
    176:176:public boolean isReset()
    218:219:public void forceLoad()
    226:226:protected void onForceLoad()
    262:264:public void abandon()
    276:276:protected void onAbandon()
    314:317:public boolean takeContentChanged()
    328:329:public void commitContentChanged()
    339:342:public void rollbackContentChanged()
    353:361:public void onContentChanged()
android.support.v4.content.Loader$ForceLoadContentObserver
android.support.v4.content.Loader$OnLoadCompleteListener:
    public abstract void onLoadComplete(android.support.v4.content.Loader,java.lang.Object)
android.support.v4.content.LocalBroadcastManager
android.support.v4.content.LocalBroadcastManager$1
android.support.v4.content.LocalBroadcastManager$BroadcastRecord
android.support.v4.content.LocalBroadcastManager$ReceiverRecord
android.support.v4.content.ModernAsyncTask
android.support.v4.content.ModernAsyncTask$1
android.support.v4.content.ModernAsyncTask$2
android.support.v4.content.ModernAsyncTask$3
android.support.v4.content.ModernAsyncTask$4
android.support.v4.content.ModernAsyncTask$AsyncTaskResult
android.support.v4.content.ModernAsyncTask$InternalHandler
android.support.v4.content.ModernAsyncTask$Status
android.support.v4.content.ModernAsyncTask$WorkerRunnable
android.support.v4.content.WakefulBroadcastReceiver
android.support.v4.content.pm.ActivityInfoCompat
android.support.v4.content.res.ResourcesCompat
android.support.v4.content.res.ResourcesCompatApi21
android.support.v4.content.res.ResourcesCompatIcsMr1
android.support.v4.database.DatabaseUtilsCompat
android.support.v4.graphics.BitmapCompat
android.support.v4.graphics.BitmapCompat$BaseBitmapImpl
android.support.v4.graphics.BitmapCompat$BitmapImpl
android.support.v4.graphics.BitmapCompat$HcMr1BitmapCompatImpl
android.support.v4.graphics.BitmapCompat$JbMr2BitmapCompatImpl
android.support.v4.graphics.BitmapCompat$KitKatBitmapCompatImpl
android.support.v4.graphics.BitmapCompatHoneycombMr1
android.support.v4.graphics.BitmapCompatJellybeanMR2
android.support.v4.graphics.BitmapCompatKitKat
android.support.v4.graphics.ColorUtils
android.support.v4.graphics.drawable.DrawableCompat
android.support.v4.graphics.drawable.DrawableCompat$BaseDrawableImpl
android.support.v4.graphics.drawable.DrawableCompat$DrawableImpl
android.support.v4.graphics.drawable.DrawableCompat$HoneycombDrawableImpl
android.support.v4.graphics.drawable.DrawableCompat$KitKatDrawableImpl
android.support.v4.graphics.drawable.DrawableCompat$LollipopDrawableImpl
android.support.v4.graphics.drawable.DrawableCompat$LollipopMr1DrawableImpl